<?xml version="1.0" encoding="UTF-8"?>
<!-- Generated by org.testng.reporters.JUnitXMLReporter -->
<testsuite hostname="LAPTOP-13LQO7QE" ignored="1" name="English Batch Test" tests="45" failures="6" timestamp="2020-06-17T10:13:11 IST" time="81.258" errors="0">
  <testcase name="AddUser" time="0.007" classname="testnglearning_youtubechannel.DataProvider_Basic_Concept"/>
  <testcase name="AddUser" time="0.002" classname="testnglearning_youtubechannel.DataProvider_Basic_Concept"/>
  <testcase name="AddUser" time="0.002" classname="testnglearning_youtubechannel.DataProvider_Basic_Concept"/>
  <testcase name="AddUser" time="0.001" classname="testnglearning_youtubechannel.TestCases_DataProvider"/>
  <testcase name="AddUser" time="0.002" classname="testnglearning_youtubechannel.TestCases_DataProvider"/>
  <testcase name="AddUser" time="0.001" classname="testnglearning_youtubechannel.TestCases_DataProvider"/>
  <testcase name="Combo1" time="2.468" classname="testnglearning_youtubechannel.TestCases_ExcelSheet_DataProvider"/>
  <testcase name="Combo1" time="1.199" classname="testnglearning_youtubechannel.TestCases_ExcelSheet_DataProvider"/>
  <testcase name="Combo1" time="1.168" classname="testnglearning_youtubechannel.TestCases_ExcelSheet_DataProvider"/>
  <testcase name="Combo1" time="0.657" classname="testnglearning_youtubechannel.TestCases_ExcelSheet_DataProvider">
    <failure type="org.openqa.selenium.NoSuchElementException" message="no such element: Unable to locate element: {&amp;quot;method&amp;quot;:&amp;quot;css selector&amp;quot;,&amp;quot;selector&amp;quot;:&amp;quot;#login1&amp;quot;}
  (Session info: chrome=83.0.4103.97)
For documentation on this error, please visit: http://seleniumhq.org/exceptions/no_such_element.html
Build info: version: &amp;apos;3.14.0&amp;apos;, revision: &amp;apos;aacccce0&amp;apos;, time: &amp;apos;2018-08-02T20:19:58.91Z&amp;apos;
System info: host: &amp;apos;LAPTOP-13LQO7QE&amp;apos;, ip: &amp;apos;172.20.10.2&amp;apos;, os.name: &amp;apos;Windows 10&amp;apos;, os.arch: &amp;apos;amd64&amp;apos;, os.version: &amp;apos;10.0&amp;apos;, java.version: &amp;apos;1.8.0_211&amp;apos;
Driver info: org.openqa.selenium.chrome.ChromeDriver
Capabilities {acceptInsecureCerts: false, browserName: chrome, browserVersion: 83.0.4103.97, chrome: {chromedriverVersion: 83.0.4103.39 (ccbf011cb2d2b..., userDataDir: C:\Users\Asus\AppData\Local...}, goog:chromeOptions: {debuggerAddress: localhost:52462}, javascriptEnabled: true, networkConnectionEnabled: false, pageLoadStrategy: normal, platform: WINDOWS, platformName: WINDOWS, proxy: Proxy(), setWindowRect: true, strictFileInteractability: false, timeouts: {implicit: 0, pageLoad: 300000, script: 30000}, unhandledPromptBehavior: dismiss and notify, webauthn:virtualAuthenticators: true}
Session ID: 07270fc82a9b2878670c6cc9d0f21440
*** Element info: {Using=id, value=login1}">
      <![CDATA[org.openqa.selenium.NoSuchElementException: no such element: Unable to locate element: {"method":"css selector","selector":"#login1"}
  (Session info: chrome=83.0.4103.97)
For documentation on this error, please visit: http://seleniumhq.org/exceptions/no_such_element.html
Build info: version: '3.14.0', revision: 'aacccce0', time: '2018-08-02T20:19:58.91Z'
System info: host: 'LAPTOP-13LQO7QE', ip: '172.20.10.2', os.name: 'Windows 10', os.arch: 'amd64', os.version: '10.0', java.version: '1.8.0_211'
Driver info: org.openqa.selenium.chrome.ChromeDriver
Capabilities {acceptInsecureCerts: false, browserName: chrome, browserVersion: 83.0.4103.97, chrome: {chromedriverVersion: 83.0.4103.39 (ccbf011cb2d2b..., userDataDir: C:\Users\Asus\AppData\Local...}, goog:chromeOptions: {debuggerAddress: localhost:52462}, javascriptEnabled: true, networkConnectionEnabled: false, pageLoadStrategy: normal, platform: WINDOWS, platformName: WINDOWS, proxy: Proxy(), setWindowRect: true, strictFileInteractability: false, timeouts: {implicit: 0, pageLoad: 300000, script: 30000}, unhandledPromptBehavior: dismiss and notify, webauthn:virtualAuthenticators: true}
Session ID: 07270fc82a9b2878670c6cc9d0f21440
*** Element info: {Using=id, value=login1}
at org.openqa.selenium.remote.http.W3CHttpResponseCodec.createException(W3CHttpResponseCodec.java:187)
at org.openqa.selenium.remote.http.W3CHttpResponseCodec.decode(W3CHttpResponseCodec.java:122)
at org.openqa.selenium.remote.http.W3CHttpResponseCodec.decode(W3CHttpResponseCodec.java:49)
at org.openqa.selenium.remote.HttpCommandExecutor.execute(HttpCommandExecutor.java:158)
at org.openqa.selenium.remote.service.DriverCommandExecutor.execute(DriverCommandExecutor.java:83)
at org.openqa.selenium.remote.RemoteWebDriver.execute(RemoteWebDriver.java:548)
at org.openqa.selenium.remote.RemoteWebDriver.findElement(RemoteWebDriver.java:322)
at org.openqa.selenium.remote.RemoteWebDriver.findElementById(RemoteWebDriver.java:368)
at org.openqa.selenium.By$ById.findElement(By.java:188)
at org.openqa.selenium.remote.RemoteWebDriver.findElement(RemoteWebDriver.java:314)
at testnglearning_youtubechannel.TestCases_ExcelSheet_DataProvider.Combo1(TestCases_ExcelSheet_DataProvider.java:28)
at java.util.ArrayList.forEach(Unknown Source)
... Removed 31 stack frames]]>
    </failure>
  </testcase> <!-- Combo1 -->
  <testcase name="Combo1" time="0.654" classname="testnglearning_youtubechannel.TestCases_ExcelSheet_DataProvider">
    <failure type="org.openqa.selenium.NoSuchElementException" message="no such element: Unable to locate element: {&amp;quot;method&amp;quot;:&amp;quot;css selector&amp;quot;,&amp;quot;selector&amp;quot;:&amp;quot;#login1&amp;quot;}
  (Session info: chrome=83.0.4103.97)
For documentation on this error, please visit: http://seleniumhq.org/exceptions/no_such_element.html
Build info: version: &amp;apos;3.14.0&amp;apos;, revision: &amp;apos;aacccce0&amp;apos;, time: &amp;apos;2018-08-02T20:19:58.91Z&amp;apos;
System info: host: &amp;apos;LAPTOP-13LQO7QE&amp;apos;, ip: &amp;apos;172.20.10.2&amp;apos;, os.name: &amp;apos;Windows 10&amp;apos;, os.arch: &amp;apos;amd64&amp;apos;, os.version: &amp;apos;10.0&amp;apos;, java.version: &amp;apos;1.8.0_211&amp;apos;
Driver info: org.openqa.selenium.chrome.ChromeDriver
Capabilities {acceptInsecureCerts: false, browserName: chrome, browserVersion: 83.0.4103.97, chrome: {chromedriverVersion: 83.0.4103.39 (ccbf011cb2d2b..., userDataDir: C:\Users\Asus\AppData\Local...}, goog:chromeOptions: {debuggerAddress: localhost:52535}, javascriptEnabled: true, networkConnectionEnabled: false, pageLoadStrategy: normal, platform: WINDOWS, platformName: WINDOWS, proxy: Proxy(), setWindowRect: true, strictFileInteractability: false, timeouts: {implicit: 0, pageLoad: 300000, script: 30000}, unhandledPromptBehavior: dismiss and notify, webauthn:virtualAuthenticators: true}
Session ID: 93b14b9787b1fe9f3eb1e8cb7d5716c0
*** Element info: {Using=id, value=login1}">
      <![CDATA[org.openqa.selenium.NoSuchElementException: no such element: Unable to locate element: {"method":"css selector","selector":"#login1"}
  (Session info: chrome=83.0.4103.97)
For documentation on this error, please visit: http://seleniumhq.org/exceptions/no_such_element.html
Build info: version: '3.14.0', revision: 'aacccce0', time: '2018-08-02T20:19:58.91Z'
System info: host: 'LAPTOP-13LQO7QE', ip: '172.20.10.2', os.name: 'Windows 10', os.arch: 'amd64', os.version: '10.0', java.version: '1.8.0_211'
Driver info: org.openqa.selenium.chrome.ChromeDriver
Capabilities {acceptInsecureCerts: false, browserName: chrome, browserVersion: 83.0.4103.97, chrome: {chromedriverVersion: 83.0.4103.39 (ccbf011cb2d2b..., userDataDir: C:\Users\Asus\AppData\Local...}, goog:chromeOptions: {debuggerAddress: localhost:52535}, javascriptEnabled: true, networkConnectionEnabled: false, pageLoadStrategy: normal, platform: WINDOWS, platformName: WINDOWS, proxy: Proxy(), setWindowRect: true, strictFileInteractability: false, timeouts: {implicit: 0, pageLoad: 300000, script: 30000}, unhandledPromptBehavior: dismiss and notify, webauthn:virtualAuthenticators: true}
Session ID: 93b14b9787b1fe9f3eb1e8cb7d5716c0
*** Element info: {Using=id, value=login1}
at org.openqa.selenium.remote.http.W3CHttpResponseCodec.createException(W3CHttpResponseCodec.java:187)
at org.openqa.selenium.remote.http.W3CHttpResponseCodec.decode(W3CHttpResponseCodec.java:122)
at org.openqa.selenium.remote.http.W3CHttpResponseCodec.decode(W3CHttpResponseCodec.java:49)
at org.openqa.selenium.remote.HttpCommandExecutor.execute(HttpCommandExecutor.java:158)
at org.openqa.selenium.remote.service.DriverCommandExecutor.execute(DriverCommandExecutor.java:83)
at org.openqa.selenium.remote.RemoteWebDriver.execute(RemoteWebDriver.java:548)
at org.openqa.selenium.remote.RemoteWebDriver.findElement(RemoteWebDriver.java:322)
at org.openqa.selenium.remote.RemoteWebDriver.findElementById(RemoteWebDriver.java:368)
at org.openqa.selenium.By$ById.findElement(By.java:188)
at org.openqa.selenium.remote.RemoteWebDriver.findElement(RemoteWebDriver.java:314)
at testnglearning_youtubechannel.TestCases_ExcelSheet_DataProvider.Combo1(TestCases_ExcelSheet_DataProvider.java:28)
at java.util.ArrayList.forEach(Unknown Source)
... Removed 31 stack frames]]>
    </failure>
  </testcase> <!-- Combo1 -->
  <testcase name="DeleteUser" time="0.002" classname="testnglearning_youtubechannel.TestCases_DataProvider"/>
  <testcase name="DeleteUser" time="0.002" classname="testnglearning_youtubechannel.TestCases_DataProvider"/>
  <testcase name="DeleteUser" time="0.001" classname="testnglearning_youtubechannel.TestCases_DataProvider"/>
  <testcase name="EnterProduct" time="0.006" classname="testnglearning_youtubechannel.Always_Run"/>
  <testcase name="HardAssertionLogic" time="0.01" classname="testnglearning_youtubechannel.HardAssert_vs_SoftAssert">
    <failure type="java.lang.AssertionError" message="expected [true] but found [false]">
      <![CDATA[java.lang.AssertionError: expected [true] but found [false]
at testnglearning_youtubechannel.HardAssert_vs_SoftAssert.HardAssertionLogic(HardAssert_vs_SoftAssert.java:16)
at java.util.ArrayList.forEach(Unknown Source)
... Removed 31 stack frames]]>
    </failure>
  </testcase> <!-- HardAssertionLogic -->
  <testcase name="HomePageValidation" time="0.001" classname="testnglearning_youtubechannel.Always_Run"/>
  <testcase name="HomePageValidationTest" time="0.001" classname="testnglearning_youtubechannel.Only_TestCase_NoOtherTestNG_Annotations"/>
  <testcase name="InvalidCredentials" time="0.001" classname="testnglearning_youtubechannel.Always_Run"/>
  <testcase name="LogOut" time="0.002" classname="testnglearning_youtubechannel.Only_TestCase_NoOtherTestNG_Annotations"/>
  <testcase name="Login" time="0.001" classname="testnglearning_youtubechannel.AlwaysRun">
    <failure type="java.lang.AssertionError" message="Deliberately failing this">
      <![CDATA[java.lang.AssertionError: Deliberately failing this
at testnglearning_youtubechannel.AlwaysRun.Login(AlwaysRun.java:14)
at java.util.ArrayList.forEach(Unknown Source)
... Removed 28 stack frames]]>
    </failure>
  </testcase> <!-- Login -->
  <testcase name="LogOut" time="0.001" classname="testnglearning_youtubechannel.AlwaysRun"/>
  <testcase name="LoginPageOpen" time="0.001" classname="testnglearning_youtubechannel.Always_Run"/>
  <testcase name="Logout" time="0.002" classname="testnglearning_youtubechannel.Always_Run"/>
  <testcase name="ParameterA" time="0.001" classname="testnglearning_youtubechannel.Learning_Assertions"/>
  <testcase name="RegisterUser" time="0.002" classname="testnglearning_youtubechannel.TestCases_DataProvider"/>
  <testcase name="RegisterUser" time="0.001" classname="testnglearning_youtubechannel.TestCases_DataProvider"/>
  <testcase name="RegisterUser" time="0.001" classname="testnglearning_youtubechannel.TestCases_DataProvider"/>
  <testcase name="SoftAssertionLogic" time="0.011" classname="testnglearning_youtubechannel.HardAssert_vs_SoftAssert">
    <failure type="java.lang.AssertionError" message="The following asserts failed:
	expected [true] but found [false],
	Not equal expected [false] but found [true]">
      <![CDATA[java.lang.AssertionError: The following asserts failed:
expected [true] but found [false],
Not equal expected [false] but found [true]
at testnglearning_youtubechannel.HardAssert_vs_SoftAssert.SoftAssertionLogic(HardAssert_vs_SoftAssert.java:38)
at java.util.ArrayList.forEach(Unknown Source)
... Removed 29 stack frames]]>
    </failure>
  </testcase> <!-- SoftAssertionLogic -->
  <testcase name="SoftTestCaseValiadtion" time="0.001" classname="testnglearning_youtubechannel.SoftAssert_Learning">
    <failure type="java.lang.AssertionError" message="The following asserts failed:
	expected [true] but found [false]">
      <![CDATA[java.lang.AssertionError: The following asserts failed:
expected [true] but found [false]
at testnglearning_youtubechannel.SoftAssert_Learning.SoftTestCaseValiadtion(SoftAssert_Learning.java:19)
at java.util.ArrayList.forEach(Unknown Source)
... Removed 29 stack frames]]>
    </failure>
  </testcase> <!-- SoftTestCaseValiadtion -->
  <testcase name="URLOpening" time="0.001" classname="testnglearning_youtubechannel.Always_Run"/>
  <testcase name="ValidCredentials" time="0.001" classname="testnglearning_youtubechannel.Always_Run"/>
  <testcase name="launchbrowser" time="0.001" classname="testnglearning_youtubechannel.Only_TestCase_NoOtherTestNG_Annotations"/>
  <testcase name="loginTest" time="0.002" classname="testnglearning_youtubechannel.Only_TestCase_NoOtherTestNG_Annotations"/>
  <testcase name="logintest" time="0.001" classname="testnglearning_youtubechannel.TestNg_Annotations"/>
  <testcase name="regtest" time="0.0" classname="testnglearning_youtubechannel.TestNg_Annotations"/>
  <testcase name="Balloon" time="0.001" classname="testnglearning_youtubechannel.Priority_TestCases_Execution"/>
  <testcase name="SwitchON" time="0.001" classname="testnglearning_youtubechannel.ITestContext_Learning"/>
  <testcase name="URLOpen" time="10.779" classname="testnglearning_youtubechannel.Dependencies_TestCases"/>
  <testcase name="Operating" time="0.001" classname="testnglearning_youtubechannel.ITestContext_Learning"/>
  <testcase name="gotoLoginPage" time="1.197" classname="testnglearning_youtubechannel.Dependencies_TestCases"/>
  <testcase name="Coding" time="0.002" classname="testnglearning_youtubechannel.Priority_TestCases_Execution"/>
  <testcase name="LoginPageDataEntry" time="0.608" classname="testnglearning_youtubechannel.Dependencies_TestCases"/>
  <testcase name="SwitchOff" time="0.001" classname="testnglearning_youtubechannel.ITestContext_Learning"/>
  <testcase name="Apple" time="0.0" classname="testnglearning_youtubechannel.Priority_TestCases_Execution"/>
  <testcase name="Zebra" time="0.0" classname="testnglearning_youtubechannel.Priority_TestCases_Execution">
    <ignored/>
  </testcase> <!-- Zebra -->
</testsuite> <!-- English Batch Test -->
