<?xml version="1.0" encoding="UTF-8"?>
<!-- Generated by org.testng.reporters.JUnitXMLReporter -->
<testsuite hostname="LAPTOP-13LQO7QE" ignored="0" name="TestNG Individual1 Test" tests="1" failures="1" timestamp="2020-09-22T06:45:39 IST" time="13.893" errors="0">
  <testcase name="signinLink" time="1.506" classname="taditseleniumbatch.Assertions_TestNG">
    <failure type="java.lang.AssertionError" message="The following asserts failed:
	I am not sure,Just checking expected [false] but found [true]">
      <![CDATA[java.lang.AssertionError: The following asserts failed:
I am not sure,Just checking expected [false] but found [true]
at taditseleniumbatch.Assertions_TestNG.signinLink(Assertions_TestNG.java:55)
at java.util.ArrayList.forEach(Unknown Source)
... Removed 29 stack frames]]>
    </failure>
  </testcase> <!-- signinLink -->
</testsuite> <!-- TestNG Individual1 Test -->
