<?xml version="1.0" encoding="UTF-8"?>
<!-- Generated by org.testng.reporters.JUnitXMLReporter -->
<testsuite hostname="LAPTOP-13LQO7QE" ignored="0" name="TestNG Batch Test" tests="6" failures="1" timestamp="2020-09-22T06:42:33 IST" time="19.547" errors="0">
  <testcase name="signinLink" time="1.376" classname="taditseleniumbatch.Assertions_TestNG">
    <failure type="java.lang.AssertionError" message="The following asserts failed:
	I am not sure,Just checking expected [false] but found [true]">
      <![CDATA[java.lang.AssertionError: The following asserts failed:
I am not sure,Just checking expected [false] but found [true]
at taditseleniumbatch.Assertions_TestNG.signinLink(Assertions_TestNG.java:55)
at java.util.ArrayList.forEach(Unknown Source)
... Removed 29 stack frames]]>
    </failure>
  </testcase> <!-- signinLink -->
  <testcase name="launchUrl" time="0.001" classname="taditseleniumbatch.TestNG_Concepts"/>
  <testcase name="loginCredentials" time="0.001" classname="taditseleniumbatch.TestNG_Concepts"/>
  <testcase name="homepageValidation" time="0.003" classname="taditseleniumbatch.TestNG_Concepts"/>
  <testcase name="logOut" time="0.002" classname="taditseleniumbatch.TestNG_Concepts"/>
  <testcase name="testing" time="0.001" classname="taditseleniumbatch.Annotations_TestNG"/>
</testsuite> <!-- TestNG Batch Test -->
