<?xml version="1.0" encoding="UTF-8"?>
<!-- Generated by org.testng.reporters.JUnitXMLReporter -->
<testsuite hostname="LAPTOP-13LQO7QE" ignored="0" name="CmeGroup_LearningTestNG_Test" tests="12" failures="1" timestamp="2020-07-15T12:48:43 IST" time="32.208" errors="0">
  <testcase name="testcase" time="0.009" classname="testng_cmegroup.Annotations"/>
  <testcase name="testcasenumber2" time="0.002" classname="testng_cmegroup.Annotations"/>
  <testcase name="RegistrationPage" time="0.002" classname="testng_cmegroup.Complete_TestNG_Features"/>
  <testcase name="Login" time="0.006" classname="testng_cmegroup.Complete_TestNG_Features"/>
  <testcase name="HomePage" time="0.001" classname="testng_cmegroup.Complete_TestNG_Features"/>
  <testcase name="LogOut" time="0.002" classname="testng_cmegroup.Complete_TestNG_Features"/>
  <testcase name="testcasenumber1" time="0.001" classname="testng_cmegroup.Verifying_Trio_Combo"/>
  <testcase name="testcasenumber2" time="0.002" classname="testng_cmegroup.Verifying_Trio_Combo"/>
  <testcase name="testcasenumber3" time="0.001" classname="testng_cmegroup.Verifying_Trio_Combo"/>
  <testcase name="testcasenumber4" time="0.001" classname="testng_cmegroup.Verifying_Trio_Combo"/>
  <testcase name="clickOnCreateAccount" time="10.103" classname="testng_cmegroup.Trio_Combination">
    <failure type="org.openqa.selenium.NoSuchElementException" message="no such element: Unable to locate element: {&amp;quot;method&amp;quot;:&amp;quot;xpath&amp;quot;,&amp;quot;selector&amp;quot;:&amp;quot;//a[@class = &amp;apos;btn btn--secondary&amp;apos;]&amp;quot;}
  (Session info: chrome=84.0.4147.89)
For documentation on this error, please visit: https://www.seleniumhq.org/exceptions/no_such_element.html
Build info: version: &amp;apos;3.141.59&amp;apos;, revision: &amp;apos;e82be7d358&amp;apos;, time: &amp;apos;2018-11-14T08:17:03&amp;apos;
System info: host: &amp;apos;LAPTOP-13LQO7QE&amp;apos;, ip: &amp;apos;192.168.56.1&amp;apos;, os.name: &amp;apos;Windows 10&amp;apos;, os.arch: &amp;apos;amd64&amp;apos;, os.version: &amp;apos;10.0&amp;apos;, java.version: &amp;apos;1.8.0_211&amp;apos;
Driver info: org.openqa.selenium.chrome.ChromeDriver
Capabilities {acceptInsecureCerts: false, browserName: chrome, browserVersion: 84.0.4147.89, chrome: {chromedriverVersion: 84.0.4147.30 (48b3e868b4cc0..., userDataDir: C:\Users\Asus\AppData\Local...}, goog:chromeOptions: {debuggerAddress: localhost:52426}, javascriptEnabled: true, networkConnectionEnabled: false, pageLoadStrategy: normal, platform: WINDOWS, platformName: WINDOWS, proxy: Proxy(), setWindowRect: true, strictFileInteractability: false, timeouts: {implicit: 0, pageLoad: 300000, script: 30000}, unhandledPromptBehavior: dismiss and notify, webauthn:virtualAuthenticators: true}
Session ID: 57183f9158a82b3a5e9086696927a2fb
*** Element info: {Using=xpath, value=//a[@class = &amp;apos;btn btn--secondary&amp;apos;]}">
      <![CDATA[org.openqa.selenium.NoSuchElementException: no such element: Unable to locate element: {"method":"xpath","selector":"//a[@class = 'btn btn--secondary']"}
  (Session info: chrome=84.0.4147.89)
For documentation on this error, please visit: https://www.seleniumhq.org/exceptions/no_such_element.html
Build info: version: '3.141.59', revision: 'e82be7d358', time: '2018-11-14T08:17:03'
System info: host: 'LAPTOP-13LQO7QE', ip: '192.168.56.1', os.name: 'Windows 10', os.arch: 'amd64', os.version: '10.0', java.version: '1.8.0_211'
Driver info: org.openqa.selenium.chrome.ChromeDriver
Capabilities {acceptInsecureCerts: false, browserName: chrome, browserVersion: 84.0.4147.89, chrome: {chromedriverVersion: 84.0.4147.30 (48b3e868b4cc0..., userDataDir: C:\Users\Asus\AppData\Local...}, goog:chromeOptions: {debuggerAddress: localhost:52426}, javascriptEnabled: true, networkConnectionEnabled: false, pageLoadStrategy: normal, platform: WINDOWS, platformName: WINDOWS, proxy: Proxy(), setWindowRect: true, strictFileInteractability: false, timeouts: {implicit: 0, pageLoad: 300000, script: 30000}, unhandledPromptBehavior: dismiss and notify, webauthn:virtualAuthenticators: true}
Session ID: 57183f9158a82b3a5e9086696927a2fb
*** Element info: {Using=xpath, value=//a[@class = 'btn btn--secondary']}
at org.openqa.selenium.remote.http.W3CHttpResponseCodec.createException(W3CHttpResponseCodec.java:187)
at org.openqa.selenium.remote.http.W3CHttpResponseCodec.decode(W3CHttpResponseCodec.java:122)
at org.openqa.selenium.remote.http.W3CHttpResponseCodec.decode(W3CHttpResponseCodec.java:49)
at org.openqa.selenium.remote.HttpCommandExecutor.execute(HttpCommandExecutor.java:158)
at org.openqa.selenium.remote.service.DriverCommandExecutor.execute(DriverCommandExecutor.java:83)
at org.openqa.selenium.remote.RemoteWebDriver.execute(RemoteWebDriver.java:552)
at org.openqa.selenium.remote.RemoteWebDriver.findElement(RemoteWebDriver.java:323)
at org.openqa.selenium.remote.RemoteWebDriver.findElementByXPath(RemoteWebDriver.java:428)
at org.openqa.selenium.By$ByXPath.findElement(By.java:353)
at org.openqa.selenium.remote.RemoteWebDriver.findElement(RemoteWebDriver.java:315)
at testng_cmegroup.Trio_Combination.clickOnCreateAccount(Trio_Combination.java:39)
at java.util.ArrayList.forEach(Unknown Source)
... Removed 31 stack frames]]>
    </failure>
  </testcase> <!-- clickOnCreateAccount -->
  <testcase name="clickOnLogin" time="3.911" classname="testng_cmegroup.Trio_Combination"/>
</testsuite> <!-- CmeGroup_LearningTestNG_Test -->
