<?xml version="1.0" encoding="UTF-8"?>
<!-- Generated by org.testng.reporters.JUnitXMLReporter -->
<testsuite hostname="LAPTOP-13LQO7QE" ignored="4" name="HindiBatchTest" tests="23" failures="6" timestamp="2020-06-17T09:53:22 IST" time="26.575" errors="0">
  <testcase name="setUp" time="0.008" classname="testnglearning_youtubechannel.Hindi_ITestContext"/>
  <testcase name="Logic" time="0.003" classname="testnglearning_youtubechannel.Hindi_ITestContext"/>
  <testcase name="exit" time="0.002" classname="testnglearning_youtubechannel.Hindi_ITestContext"/>
  <testcase name="UserLogin" time="0.001" classname="testnglearning_youtubechannel.Hindi_BM_T_AM"/>
  <testcase name="UserMoneyControl" time="0.002" classname="testnglearning_youtubechannel.Hindi_BM_T_AM"/>
  <testcase name="DataMatrix" time="0.002" classname="testnglearning_youtubechannel.Hindi_DataProvider"/>
  <testcase name="DataMatrix" time="0.002" classname="testnglearning_youtubechannel.Hindi_DataProvider"/>
  <testcase name="DataMatrix" time="0.001" classname="testnglearning_youtubechannel.Hindi_DataProvider"/>
  <testcase name="registerUser" time="0.001" classname="testnglearning_youtubechannel.Hindi_Priority_Enabled"/>
  <testcase name="ValidLoginCredentials" time="0.001" classname="testnglearning_youtubechannel.Hindi_Priority_Enabled"/>
  <testcase name="HomePage" time="0.001" classname="testnglearning_youtubechannel.Hindi_Priority_Enabled"/>
  <testcase name="LogOut" time="0.002" classname="testnglearning_youtubechannel.Hindi_Priority_Enabled"/>
  <testcase name="Validation" time="0.016" classname="testnglearning_youtubechannel.Hindi_SoftAssert_Learning">
    <failure type="java.lang.AssertionError" message="The following asserts failed:
	b2 is a wrong statement expected [true] but found [false]">
      <![CDATA[java.lang.AssertionError: The following asserts failed:
b2 is a wrong statement expected [true] but found [false]
at testnglearning_youtubechannel.Hindi_SoftAssert_Learning.Validation(Hindi_SoftAssert_Learning.java:23)
at java.util.ArrayList.forEach(Unknown Source)
... Removed 29 stack frames]]>
    </failure>
  </testcase> <!-- Validation -->
  <testcase name="Begin" time="0.003" classname="testnglearning_youtubechannel.Hindi_AlwaysRun">
    <failure type="java.lang.AssertionError" message="We are failing this test case">
      <![CDATA[java.lang.AssertionError: We are failing this test case
at testnglearning_youtubechannel.Hindi_AlwaysRun.Begin(Hindi_AlwaysRun.java:14)
at java.util.ArrayList.forEach(Unknown Source)
... Removed 28 stack frames]]>
    </failure>
  </testcase> <!-- Begin -->
  <testcase name="Ready" time="0.002" classname="testnglearning_youtubechannel.Hindi_AlwaysRun"/>
  <testcase name="Steady" time="0.006" classname="testnglearning_youtubechannel.Hindi_AlwaysRun"/>
  <testcase name="LandingPage" time="0.016" classname="testnglearning_youtubechannel.Hindi_Dependencies">
    <failure type="java.lang.AssertionError" message="Deliberately Failing">
      <![CDATA[java.lang.AssertionError: Deliberately Failing
at testnglearning_youtubechannel.Hindi_Dependencies.LandingPage(Hindi_Dependencies.java:36)
at java.util.ArrayList.forEach(Unknown Source)
... Removed 28 stack frames]]>
    </failure>
  </testcase> <!-- LandingPage -->
  <testcase name="Calculator" time="0.0" classname="testnglearning_youtubechannel.Hindi_Dependencies">
    <skipped/>
  </testcase> <!-- Calculator -->
  <testcase name="ReturntoHomePage" time="0.0" classname="testnglearning_youtubechannel.Hindi_Dependencies">
    <skipped/>
  </testcase> <!-- ReturntoHomePage -->
  <testcase name="Critical" time="0.002" classname="testnglearning_youtubechannel.Hindi_Assertions">
    <failure type="java.lang.AssertionError" message="expected [We are learning in English] but found [We are learning in English and Hindi]">
      <![CDATA[java.lang.AssertionError: expected [We are learning in English] but found [We are learning in English and Hindi]
at testnglearning_youtubechannel.Hindi_Assertions.Critical(Hindi_Assertions.java:13)
at java.util.ArrayList.forEach(Unknown Source)
... Removed 32 stack frames]]>
    </failure>
  </testcase> <!-- Critical -->
  <testcase name="Medium" time="0.001" classname="testnglearning_youtubechannel.Hindi_Assertions"/>
  <testcase name="HardAssertLogic" time="0.002" classname="testnglearning_youtubechannel.Hindi_HardAssert_vs_SoftAssert">
    <failure type="java.lang.AssertionError" message="expected [true] but found [false]">
      <![CDATA[java.lang.AssertionError: expected [true] but found [false]
at testnglearning_youtubechannel.Hindi_HardAssert_vs_SoftAssert.HardAssertLogic(Hindi_HardAssert_vs_SoftAssert.java:15)
at java.util.ArrayList.forEach(Unknown Source)
... Removed 31 stack frames]]>
    </failure>
  </testcase> <!-- HardAssertLogic -->
  <testcase name="SoftAssertLogic" time="0.002" classname="testnglearning_youtubechannel.Hindi_HardAssert_vs_SoftAssert">
    <failure type="java.lang.AssertionError" message="The following asserts failed:
	expected [true] but found [false]">
      <![CDATA[java.lang.AssertionError: The following asserts failed:
expected [true] but found [false]
at testnglearning_youtubechannel.Hindi_HardAssert_vs_SoftAssert.SoftAssertLogic(Hindi_HardAssert_vs_SoftAssert.java:34)
at java.util.ArrayList.forEach(Unknown Source)
... Removed 29 stack frames]]>
    </failure>
  </testcase> <!-- SoftAssertLogic -->
  <testcase name="High" time="0.0" classname="testnglearning_youtubechannel.Hindi_Assertions">
    <ignored/>
  </testcase> <!-- High -->
  <testcase name="AddBeneficiary" time="0.0" classname="testnglearning_youtubechannel.Hindi_Priority_Enabled">
    <ignored/>
  </testcase> <!-- AddBeneficiary -->
  <testcase name="Go" time="0.0" classname="testnglearning_youtubechannel.Hindi_AlwaysRun">
    <ignored/>
  </testcase> <!-- Go -->
  <testcase name="validatingBeneficiary" time="0.0" classname="testnglearning_youtubechannel.Hindi_Priority_Enabled">
    <ignored/>
  </testcase> <!-- validatingBeneficiary -->
</testsuite> <!-- HindiBatchTest -->
