<html>
<head>
<title>TestNG:  HindiBatchTest</title>
<link href="../testng.css" rel="stylesheet" type="text/css" />
<link href="../my-testng.css" rel="stylesheet" type="text/css" />

<style type="text/css">
.log { display: none;} 
.stack-trace { display: none;} 
</style>
<script type="text/javascript">
<!--
function flip(e) {
  current = e.style.display;
  if (current == 'block') {
    e.style.display = 'none';
    return 0;
  }
  else {
    e.style.display = 'block';
    return 1;
  }
}

function toggleBox(szDivId, elem, msg1, msg2)
{
  var res = -1;  if (document.getElementById) {
    res = flip(document.getElementById(szDivId));
  }
  else if (document.all) {
    // this is the way old msie versions work
    res = flip(document.all[szDivId]);
  }
  if(elem) {
    if(res == 0) elem.innerHTML = msg1; else elem.innerHTML = msg2;
  }

}

function toggleAllBoxes() {
  if (document.getElementsByTagName) {
    d = document.getElementsByTagName('div');
    for (i = 0; i < d.length; i++) {
      if (d[i].className == 'log') {
        flip(d[i]);
      }
    }
  }
}

// -->
</script>

</head>
<body>
<h2 align='center'>HindiBatchTest</h2><table border='1' align="center">
<tr>
<td>Tests passed/Failed/Skipped:</td><td>15/6/2</td>
</tr><tr>
<td>Started on:</td><td>Wed Jun 17 09:52:56 IST 2020</td>
</tr>
<tr><td>Total time:</td><td>26 seconds (26575 ms)</td>
</tr><tr>
<td>Included groups:</td><td></td>
</tr><tr>
<td>Excluded groups:</td><td></td>
</tr>
</table><p/>
<small><i>(Hover the method name to see the test class name)</i></small><p/>
<table width='100%' border='1' class='invocation-failed'>
<tr><td colspan='4' align='center'><b>FAILED TESTS</b></td></tr>
<tr><td><b>Test method</b></td>
<td width="30%"><b>Exception</b></td>
<td width="10%"><b>Time (seconds)</b></td>
<td><b>Instance</b></td>
</tr>
<tr>
<td title='testnglearning_youtubechannel.Hindi_AlwaysRun.Begin()'><b>Begin</b><br>Test class: testnglearning_youtubechannel.Hindi_AlwaysRun</td>
<td><div><pre>java.lang.AssertionError: We are failing this test case
	at testnglearning_youtubechannel.Hindi_AlwaysRun.Begin(Hindi_AlwaysRun.java:14)
	at java.util.ArrayList.forEach(Unknown Source)
... Removed 28 stack frames</pre></div><a href='#' onClick='toggleBox("stack-trace633079302", this, "Click to show all stack frames", "Click to hide stack frames")'>Click to show all stack frames</a>
<div class='stack-trace' id='stack-trace633079302'><pre>java.lang.AssertionError: We are failing this test case
	at org.testng.Assert.fail(Assert.java:97)
	at testnglearning_youtubechannel.Hindi_AlwaysRun.Begin(Hindi_AlwaysRun.java:14)
	at sun.reflect.NativeMethodAccessorImpl.invoke0(Native Method)
	at sun.reflect.NativeMethodAccessorImpl.invoke(Unknown Source)
	at sun.reflect.DelegatingMethodAccessorImpl.invoke(Unknown Source)
	at java.lang.reflect.Method.invoke(Unknown Source)
	at org.testng.internal.MethodInvocationHelper.invokeMethod(MethodInvocationHelper.java:135)
	at org.testng.internal.TestInvoker.invokeMethod(TestInvoker.java:598)
	at org.testng.internal.TestInvoker.invokeTestMethod(TestInvoker.java:174)
	at org.testng.internal.MethodRunner.runInSequence(MethodRunner.java:46)
	at org.testng.internal.TestInvoker$MethodInvocationAgent.invoke(TestInvoker.java:821)
	at org.testng.internal.TestInvoker.invokeTestMethods(TestInvoker.java:147)
	at org.testng.internal.TestMethodWorker.invokeTestMethods(TestMethodWorker.java:146)
	at org.testng.internal.TestMethodWorker.run(TestMethodWorker.java:128)
	at java.util.ArrayList.forEach(Unknown Source)
	at org.testng.TestRunner.privateRun(TestRunner.java:767)
	at org.testng.TestRunner.run(TestRunner.java:588)
	at org.testng.SuiteRunner.runTest(SuiteRunner.java:384)
	at org.testng.SuiteRunner.runSequentially(SuiteRunner.java:378)
	at org.testng.SuiteRunner.privateRun(SuiteRunner.java:337)
	at org.testng.SuiteRunner.run(SuiteRunner.java:286)
	at org.testng.SuiteRunnerWorker.runSuite(SuiteRunnerWorker.java:53)
	at org.testng.SuiteRunnerWorker.run(SuiteRunnerWorker.java:96)
	at org.testng.TestNG.runSuitesSequentially(TestNG.java:1214)
	at org.testng.TestNG.runSuitesLocally(TestNG.java:1136)
	at org.testng.TestNG.runSuites(TestNG.java:1066)
	at org.testng.TestNG.run(TestNG.java:1034)
	at org.testng.remote.AbstractRemoteTestNG.run(AbstractRemoteTestNG.java:115)
	at org.testng.remote.RemoteTestNG.initAndRun(RemoteTestNG.java:251)
	at org.testng.remote.RemoteTestNG.main(RemoteTestNG.java:77)
</pre></div></td>
<td>0</td>
<td>testnglearning_youtubechannel.Hindi_AlwaysRun@491cc5c9</td></tr>
<tr>
<td title='testnglearning_youtubechannel.Hindi_Assertions.Critical()'><b>Critical</b><br>Test class: testnglearning_youtubechannel.Hindi_Assertions</td>
<td><div><pre>java.lang.AssertionError: expected [We are learning in English] but found [We are learning in English and Hindi]
	at testnglearning_youtubechannel.Hindi_Assertions.Critical(Hindi_Assertions.java:13)
	at java.util.ArrayList.forEach(Unknown Source)
... Removed 32 stack frames</pre></div><a href='#' onClick='toggleBox("stack-trace2081000371", this, "Click to show all stack frames", "Click to hide stack frames")'>Click to show all stack frames</a>
<div class='stack-trace' id='stack-trace2081000371'><pre>java.lang.AssertionError: expected [We are learning in English] but found [We are learning in English and Hindi]
	at org.testng.Assert.fail(Assert.java:97)
	at org.testng.Assert.assertEqualsImpl(Assert.java:136)
	at org.testng.Assert.assertEquals(Assert.java:118)
	at org.testng.Assert.assertEquals(Assert.java:575)
	at org.testng.Assert.assertEquals(Assert.java:585)
	at testnglearning_youtubechannel.Hindi_Assertions.Critical(Hindi_Assertions.java:13)
	at sun.reflect.NativeMethodAccessorImpl.invoke0(Native Method)
	at sun.reflect.NativeMethodAccessorImpl.invoke(Unknown Source)
	at sun.reflect.DelegatingMethodAccessorImpl.invoke(Unknown Source)
	at java.lang.reflect.Method.invoke(Unknown Source)
	at org.testng.internal.MethodInvocationHelper.invokeMethod(MethodInvocationHelper.java:135)
	at org.testng.internal.TestInvoker.invokeMethod(TestInvoker.java:598)
	at org.testng.internal.TestInvoker.invokeTestMethod(TestInvoker.java:174)
	at org.testng.internal.MethodRunner.runInSequence(MethodRunner.java:46)
	at org.testng.internal.TestInvoker$MethodInvocationAgent.invoke(TestInvoker.java:821)
	at org.testng.internal.TestInvoker.invokeTestMethods(TestInvoker.java:147)
	at org.testng.internal.TestMethodWorker.invokeTestMethods(TestMethodWorker.java:146)
	at org.testng.internal.TestMethodWorker.run(TestMethodWorker.java:128)
	at java.util.ArrayList.forEach(Unknown Source)
	at org.testng.TestRunner.privateRun(TestRunner.java:767)
	at org.testng.TestRunner.run(TestRunner.java:588)
	at org.testng.SuiteRunner.runTest(SuiteRunner.java:384)
	at org.testng.SuiteRunner.runSequentially(SuiteRunner.java:378)
	at org.testng.SuiteRunner.privateRun(SuiteRunner.java:337)
	at org.testng.SuiteRunner.run(SuiteRunner.java:286)
	at org.testng.SuiteRunnerWorker.runSuite(SuiteRunnerWorker.java:53)
	at org.testng.SuiteRunnerWorker.run(SuiteRunnerWorker.java:96)
	at org.testng.TestNG.runSuitesSequentially(TestNG.java:1214)
	at org.testng.TestNG.runSuitesLocally(TestNG.java:1136)
	at org.testng.TestNG.runSuites(TestNG.java:1066)
	at org.testng.TestNG.run(TestNG.java:1034)
	at org.testng.remote.AbstractRemoteTestNG.run(AbstractRemoteTestNG.java:115)
	at org.testng.remote.RemoteTestNG.initAndRun(RemoteTestNG.java:251)
	at org.testng.remote.RemoteTestNG.main(RemoteTestNG.java:77)
</pre></div></td>
<td>0</td>
<td>testnglearning_youtubechannel.Hindi_Assertions@74ad1f1f</td></tr>
<tr>
<td title='testnglearning_youtubechannel.Hindi_HardAssert_vs_SoftAssert.HardAssertLogic()'><b>HardAssertLogic</b><br>Test class: testnglearning_youtubechannel.Hindi_HardAssert_vs_SoftAssert</td>
<td><div><pre>java.lang.AssertionError: expected [true] but found [false]
	at testnglearning_youtubechannel.Hindi_HardAssert_vs_SoftAssert.HardAssertLogic(Hindi_HardAssert_vs_SoftAssert.java:15)
	at java.util.ArrayList.forEach(Unknown Source)
... Removed 31 stack frames</pre></div><a href='#' onClick='toggleBox("stack-trace1985938863", this, "Click to show all stack frames", "Click to hide stack frames")'>Click to show all stack frames</a>
<div class='stack-trace' id='stack-trace1985938863'><pre>java.lang.AssertionError: expected [true] but found [false]
	at org.testng.Assert.fail(Assert.java:97)
	at org.testng.Assert.failNotEquals(Assert.java:968)
	at org.testng.Assert.assertTrue(Assert.java:43)
	at org.testng.Assert.assertTrue(Assert.java:53)
	at testnglearning_youtubechannel.Hindi_HardAssert_vs_SoftAssert.HardAssertLogic(Hindi_HardAssert_vs_SoftAssert.java:15)
	at sun.reflect.NativeMethodAccessorImpl.invoke0(Native Method)
	at sun.reflect.NativeMethodAccessorImpl.invoke(Unknown Source)
	at sun.reflect.DelegatingMethodAccessorImpl.invoke(Unknown Source)
	at java.lang.reflect.Method.invoke(Unknown Source)
	at org.testng.internal.MethodInvocationHelper.invokeMethod(MethodInvocationHelper.java:135)
	at org.testng.internal.TestInvoker.invokeMethod(TestInvoker.java:598)
	at org.testng.internal.TestInvoker.invokeTestMethod(TestInvoker.java:174)
	at org.testng.internal.MethodRunner.runInSequence(MethodRunner.java:46)
	at org.testng.internal.TestInvoker$MethodInvocationAgent.invoke(TestInvoker.java:821)
	at org.testng.internal.TestInvoker.invokeTestMethods(TestInvoker.java:147)
	at org.testng.internal.TestMethodWorker.invokeTestMethods(TestMethodWorker.java:146)
	at org.testng.internal.TestMethodWorker.run(TestMethodWorker.java:128)
	at java.util.ArrayList.forEach(Unknown Source)
	at org.testng.TestRunner.privateRun(TestRunner.java:767)
	at org.testng.TestRunner.run(TestRunner.java:588)
	at org.testng.SuiteRunner.runTest(SuiteRunner.java:384)
	at org.testng.SuiteRunner.runSequentially(SuiteRunner.java:378)
	at org.testng.SuiteRunner.privateRun(SuiteRunner.java:337)
	at org.testng.SuiteRunner.run(SuiteRunner.java:286)
	at org.testng.SuiteRunnerWorker.runSuite(SuiteRunnerWorker.java:53)
	at org.testng.SuiteRunnerWorker.run(SuiteRunnerWorker.java:96)
	at org.testng.TestNG.runSuitesSequentially(TestNG.java:1214)
	at org.testng.TestNG.runSuitesLocally(TestNG.java:1136)
	at org.testng.TestNG.runSuites(TestNG.java:1066)
	at org.testng.TestNG.run(TestNG.java:1034)
	at org.testng.remote.AbstractRemoteTestNG.run(AbstractRemoteTestNG.java:115)
	at org.testng.remote.RemoteTestNG.initAndRun(RemoteTestNG.java:251)
	at org.testng.remote.RemoteTestNG.main(RemoteTestNG.java:77)
</pre></div></td>
<td>0</td>
<td>testnglearning_youtubechannel.Hindi_HardAssert_vs_SoftAssert@6a1aab78</td></tr>
<tr>
<td title='testnglearning_youtubechannel.Hindi_Dependencies.LandingPage()'><b>LandingPage</b><br>Test class: testnglearning_youtubechannel.Hindi_Dependencies</td>
<td><div><pre>java.lang.AssertionError: Deliberately Failing
	at testnglearning_youtubechannel.Hindi_Dependencies.LandingPage(Hindi_Dependencies.java:36)
	at java.util.ArrayList.forEach(Unknown Source)
... Removed 28 stack frames</pre></div><a href='#' onClick='toggleBox("stack-trace867093003", this, "Click to show all stack frames", "Click to hide stack frames")'>Click to show all stack frames</a>
<div class='stack-trace' id='stack-trace867093003'><pre>java.lang.AssertionError: Deliberately Failing
	at org.testng.Assert.fail(Assert.java:97)
	at testnglearning_youtubechannel.Hindi_Dependencies.LandingPage(Hindi_Dependencies.java:36)
	at sun.reflect.NativeMethodAccessorImpl.invoke0(Native Method)
	at sun.reflect.NativeMethodAccessorImpl.invoke(Unknown Source)
	at sun.reflect.DelegatingMethodAccessorImpl.invoke(Unknown Source)
	at java.lang.reflect.Method.invoke(Unknown Source)
	at org.testng.internal.MethodInvocationHelper.invokeMethod(MethodInvocationHelper.java:135)
	at org.testng.internal.TestInvoker.invokeMethod(TestInvoker.java:598)
	at org.testng.internal.TestInvoker.invokeTestMethod(TestInvoker.java:174)
	at org.testng.internal.MethodRunner.runInSequence(MethodRunner.java:46)
	at org.testng.internal.TestInvoker$MethodInvocationAgent.invoke(TestInvoker.java:821)
	at org.testng.internal.TestInvoker.invokeTestMethods(TestInvoker.java:147)
	at org.testng.internal.TestMethodWorker.invokeTestMethods(TestMethodWorker.java:146)
	at org.testng.internal.TestMethodWorker.run(TestMethodWorker.java:128)
	at java.util.ArrayList.forEach(Unknown Source)
	at org.testng.TestRunner.privateRun(TestRunner.java:767)
	at org.testng.TestRunner.run(TestRunner.java:588)
	at org.testng.SuiteRunner.runTest(SuiteRunner.java:384)
	at org.testng.SuiteRunner.runSequentially(SuiteRunner.java:378)
	at org.testng.SuiteRunner.privateRun(SuiteRunner.java:337)
	at org.testng.SuiteRunner.run(SuiteRunner.java:286)
	at org.testng.SuiteRunnerWorker.runSuite(SuiteRunnerWorker.java:53)
	at org.testng.SuiteRunnerWorker.run(SuiteRunnerWorker.java:96)
	at org.testng.TestNG.runSuitesSequentially(TestNG.java:1214)
	at org.testng.TestNG.runSuitesLocally(TestNG.java:1136)
	at org.testng.TestNG.runSuites(TestNG.java:1066)
	at org.testng.TestNG.run(TestNG.java:1034)
	at org.testng.remote.AbstractRemoteTestNG.run(AbstractRemoteTestNG.java:115)
	at org.testng.remote.RemoteTestNG.initAndRun(RemoteTestNG.java:251)
	at org.testng.remote.RemoteTestNG.main(RemoteTestNG.java:77)
</pre></div></td>
<td>0</td>
<td>testnglearning_youtubechannel.Hindi_Dependencies@612fc6eb</td></tr>
<tr>
<td title='testnglearning_youtubechannel.Hindi_HardAssert_vs_SoftAssert.SoftAssertLogic()'><b>SoftAssertLogic</b><br>Test class: testnglearning_youtubechannel.Hindi_HardAssert_vs_SoftAssert</td>
<td><div><pre>java.lang.AssertionError: The following asserts failed:
	expected [true] but found [false]
	at testnglearning_youtubechannel.Hindi_HardAssert_vs_SoftAssert.SoftAssertLogic(Hindi_HardAssert_vs_SoftAssert.java:34)
	at java.util.ArrayList.forEach(Unknown Source)
... Removed 29 stack frames</pre></div><a href='#' onClick='toggleBox("stack-trace334593716", this, "Click to show all stack frames", "Click to hide stack frames")'>Click to show all stack frames</a>
<div class='stack-trace' id='stack-trace334593716'><pre>java.lang.AssertionError: The following asserts failed:
	expected [true] but found [false]
	at org.testng.asserts.SoftAssert.assertAll(SoftAssert.java:47)
	at org.testng.asserts.SoftAssert.assertAll(SoftAssert.java:31)
	at testnglearning_youtubechannel.Hindi_HardAssert_vs_SoftAssert.SoftAssertLogic(Hindi_HardAssert_vs_SoftAssert.java:34)
	at sun.reflect.NativeMethodAccessorImpl.invoke0(Native Method)
	at sun.reflect.NativeMethodAccessorImpl.invoke(Unknown Source)
	at sun.reflect.DelegatingMethodAccessorImpl.invoke(Unknown Source)
	at java.lang.reflect.Method.invoke(Unknown Source)
	at org.testng.internal.MethodInvocationHelper.invokeMethod(MethodInvocationHelper.java:135)
	at org.testng.internal.TestInvoker.invokeMethod(TestInvoker.java:598)
	at org.testng.internal.TestInvoker.invokeTestMethod(TestInvoker.java:174)
	at org.testng.internal.MethodRunner.runInSequence(MethodRunner.java:46)
	at org.testng.internal.TestInvoker$MethodInvocationAgent.invoke(TestInvoker.java:821)
	at org.testng.internal.TestInvoker.invokeTestMethods(TestInvoker.java:147)
	at org.testng.internal.TestMethodWorker.invokeTestMethods(TestMethodWorker.java:146)
	at org.testng.internal.TestMethodWorker.run(TestMethodWorker.java:128)
	at java.util.ArrayList.forEach(Unknown Source)
	at org.testng.TestRunner.privateRun(TestRunner.java:767)
	at org.testng.TestRunner.run(TestRunner.java:588)
	at org.testng.SuiteRunner.runTest(SuiteRunner.java:384)
	at org.testng.SuiteRunner.runSequentially(SuiteRunner.java:378)
	at org.testng.SuiteRunner.privateRun(SuiteRunner.java:337)
	at org.testng.SuiteRunner.run(SuiteRunner.java:286)
	at org.testng.SuiteRunnerWorker.runSuite(SuiteRunnerWorker.java:53)
	at org.testng.SuiteRunnerWorker.run(SuiteRunnerWorker.java:96)
	at org.testng.TestNG.runSuitesSequentially(TestNG.java:1214)
	at org.testng.TestNG.runSuitesLocally(TestNG.java:1136)
	at org.testng.TestNG.runSuites(TestNG.java:1066)
	at org.testng.TestNG.run(TestNG.java:1034)
	at org.testng.remote.AbstractRemoteTestNG.run(AbstractRemoteTestNG.java:115)
	at org.testng.remote.RemoteTestNG.initAndRun(RemoteTestNG.java:251)
	at org.testng.remote.RemoteTestNG.main(RemoteTestNG.java:77)
</pre></div></td>
<td>0</td>
<td>testnglearning_youtubechannel.Hindi_HardAssert_vs_SoftAssert@6a1aab78</td></tr>
<tr>
<td title='testnglearning_youtubechannel.Hindi_SoftAssert_Learning.Validation()'><b>Validation</b><br>Test class: testnglearning_youtubechannel.Hindi_SoftAssert_Learning</td>
<td><div><pre>java.lang.AssertionError: The following asserts failed:
	b2 is a wrong statement expected [true] but found [false]
	at testnglearning_youtubechannel.Hindi_SoftAssert_Learning.Validation(Hindi_SoftAssert_Learning.java:23)
	at java.util.ArrayList.forEach(Unknown Source)
... Removed 29 stack frames</pre></div><a href='#' onClick='toggleBox("stack-trace1016633682", this, "Click to show all stack frames", "Click to hide stack frames")'>Click to show all stack frames</a>
<div class='stack-trace' id='stack-trace1016633682'><pre>java.lang.AssertionError: The following asserts failed:
	b2 is a wrong statement expected [true] but found [false]
	at org.testng.asserts.SoftAssert.assertAll(SoftAssert.java:47)
	at org.testng.asserts.SoftAssert.assertAll(SoftAssert.java:31)
	at testnglearning_youtubechannel.Hindi_SoftAssert_Learning.Validation(Hindi_SoftAssert_Learning.java:23)
	at sun.reflect.NativeMethodAccessorImpl.invoke0(Native Method)
	at sun.reflect.NativeMethodAccessorImpl.invoke(Unknown Source)
	at sun.reflect.DelegatingMethodAccessorImpl.invoke(Unknown Source)
	at java.lang.reflect.Method.invoke(Unknown Source)
	at org.testng.internal.MethodInvocationHelper.invokeMethod(MethodInvocationHelper.java:135)
	at org.testng.internal.TestInvoker.invokeMethod(TestInvoker.java:598)
	at org.testng.internal.TestInvoker.invokeTestMethod(TestInvoker.java:174)
	at org.testng.internal.MethodRunner.runInSequence(MethodRunner.java:46)
	at org.testng.internal.TestInvoker$MethodInvocationAgent.invoke(TestInvoker.java:821)
	at org.testng.internal.TestInvoker.invokeTestMethods(TestInvoker.java:147)
	at org.testng.internal.TestMethodWorker.invokeTestMethods(TestMethodWorker.java:146)
	at org.testng.internal.TestMethodWorker.run(TestMethodWorker.java:128)
	at java.util.ArrayList.forEach(Unknown Source)
	at org.testng.TestRunner.privateRun(TestRunner.java:767)
	at org.testng.TestRunner.run(TestRunner.java:588)
	at org.testng.SuiteRunner.runTest(SuiteRunner.java:384)
	at org.testng.SuiteRunner.runSequentially(SuiteRunner.java:378)
	at org.testng.SuiteRunner.privateRun(SuiteRunner.java:337)
	at org.testng.SuiteRunner.run(SuiteRunner.java:286)
	at org.testng.SuiteRunnerWorker.runSuite(SuiteRunnerWorker.java:53)
	at org.testng.SuiteRunnerWorker.run(SuiteRunnerWorker.java:96)
	at org.testng.TestNG.runSuitesSequentially(TestNG.java:1214)
	at org.testng.TestNG.runSuitesLocally(TestNG.java:1136)
	at org.testng.TestNG.runSuites(TestNG.java:1066)
	at org.testng.TestNG.run(TestNG.java:1034)
	at org.testng.remote.AbstractRemoteTestNG.run(AbstractRemoteTestNG.java:115)
	at org.testng.remote.RemoteTestNG.initAndRun(RemoteTestNG.java:251)
	at org.testng.remote.RemoteTestNG.main(RemoteTestNG.java:77)
</pre></div></td>
<td>0</td>
<td>testnglearning_youtubechannel.Hindi_SoftAssert_Learning@1b26f7b2</td></tr>
</table><p>
<table width='100%' border='1' class='invocation-passed'>
<tr><td colspan='4' align='center'><b>PASSED TESTS</b></td></tr>
<tr><td><b>Test method</b></td>
<td width="30%"><b>Exception</b></td>
<td width="10%"><b>Time (seconds)</b></td>
<td><b>Instance</b></td>
</tr>
<tr>
<td title='testnglearning_youtubechannel.Hindi_DataProvider.DataMatrix()'><b>DataMatrix</b><br>Test class: testnglearning_youtubechannel.Hindi_DataProvider<br>Parameters: Username, Password, 9878674, Mozilla</td>
<td></td>
<td>0</td>
<td>testnglearning_youtubechannel.Hindi_DataProvider@11758f2a</td></tr>
<tr>
<td title='testnglearning_youtubechannel.Hindi_DataProvider.DataMatrix()'><b>DataMatrix</b><br>Test class: testnglearning_youtubechannel.Hindi_DataProvider<br>Parameters: Username1, Password1, 9878675, Chrome</td>
<td></td>
<td>0</td>
<td>testnglearning_youtubechannel.Hindi_DataProvider@11758f2a</td></tr>
<tr>
<td title='testnglearning_youtubechannel.Hindi_DataProvider.DataMatrix()'><b>DataMatrix</b><br>Test class: testnglearning_youtubechannel.Hindi_DataProvider<br>Parameters: Username2, Password2, 9878678, Safari</td>
<td></td>
<td>0</td>
<td>testnglearning_youtubechannel.Hindi_DataProvider@11758f2a</td></tr>
<tr>
<td title='testnglearning_youtubechannel.Hindi_Priority_Enabled.HomePage()'><b>HomePage</b><br>Test class: testnglearning_youtubechannel.Hindi_Priority_Enabled</td>
<td></td>
<td>0</td>
<td>testnglearning_youtubechannel.Hindi_Priority_Enabled@e720b71</td></tr>
<tr>
<td title='testnglearning_youtubechannel.Hindi_Priority_Enabled.LogOut()'><b>LogOut</b><br>Test class: testnglearning_youtubechannel.Hindi_Priority_Enabled</td>
<td></td>
<td>0</td>
<td>testnglearning_youtubechannel.Hindi_Priority_Enabled@e720b71</td></tr>
<tr>
<td title='testnglearning_youtubechannel.Hindi_ITestContext.Logic()'><b>Logic</b><br>Test class: testnglearning_youtubechannel.Hindi_ITestContext<br>Parameters: org.testng.TestRunner@5c10f1c3</td>
<td></td>
<td>0</td>
<td>testnglearning_youtubechannel.Hindi_ITestContext@1060b431</td></tr>
<tr>
<td title='testnglearning_youtubechannel.Hindi_Assertions.Medium()'><b>Medium</b><br>Test class: testnglearning_youtubechannel.Hindi_Assertions</td>
<td></td>
<td>0</td>
<td>testnglearning_youtubechannel.Hindi_Assertions@74ad1f1f</td></tr>
<tr>
<td title='testnglearning_youtubechannel.Hindi_AlwaysRun.Ready()'><b>Ready</b><br>Test class: testnglearning_youtubechannel.Hindi_AlwaysRun</td>
<td></td>
<td>0</td>
<td>testnglearning_youtubechannel.Hindi_AlwaysRun@491cc5c9</td></tr>
<tr>
<td title='testnglearning_youtubechannel.Hindi_AlwaysRun.Steady()'><b>Steady</b><br>Test class: testnglearning_youtubechannel.Hindi_AlwaysRun</td>
<td></td>
<td>0</td>
<td>testnglearning_youtubechannel.Hindi_AlwaysRun@491cc5c9</td></tr>
<tr>
<td title='testnglearning_youtubechannel.Hindi_BM_T_AM.UserLogin()'><b>UserLogin</b><br>Test class: testnglearning_youtubechannel.Hindi_BM_T_AM</td>
<td></td>
<td>0</td>
<td>testnglearning_youtubechannel.Hindi_BM_T_AM@612679d6</td></tr>
<tr>
<td title='testnglearning_youtubechannel.Hindi_BM_T_AM.UserMoneyControl()'><b>UserMoneyControl</b><br>Test class: testnglearning_youtubechannel.Hindi_BM_T_AM</td>
<td></td>
<td>0</td>
<td>testnglearning_youtubechannel.Hindi_BM_T_AM@612679d6</td></tr>
<tr>
<td title='testnglearning_youtubechannel.Hindi_Priority_Enabled.ValidLoginCredentials()'><b>ValidLoginCredentials</b><br>Test class: testnglearning_youtubechannel.Hindi_Priority_Enabled</td>
<td></td>
<td>0</td>
<td>testnglearning_youtubechannel.Hindi_Priority_Enabled@e720b71</td></tr>
<tr>
<td title='testnglearning_youtubechannel.Hindi_ITestContext.exit()'><b>exit</b><br>Test class: testnglearning_youtubechannel.Hindi_ITestContext<br>Parameters: org.testng.TestRunner@5c10f1c3</td>
<td></td>
<td>0</td>
<td>testnglearning_youtubechannel.Hindi_ITestContext@1060b431</td></tr>
<tr>
<td title='testnglearning_youtubechannel.Hindi_Priority_Enabled.registerUser()'><b>registerUser</b><br>Test class: testnglearning_youtubechannel.Hindi_Priority_Enabled</td>
<td></td>
<td>0</td>
<td>testnglearning_youtubechannel.Hindi_Priority_Enabled@e720b71</td></tr>
<tr>
<td title='testnglearning_youtubechannel.Hindi_ITestContext.setUp()'><b>setUp</b><br>Test class: testnglearning_youtubechannel.Hindi_ITestContext<br>Parameters: org.testng.TestRunner@5c10f1c3</td>
<td></td>
<td>0</td>
<td>testnglearning_youtubechannel.Hindi_ITestContext@1060b431</td></tr>
</table><p>
<table width='100%' border='1' class='invocation-skipped'>
<tr><td colspan='4' align='center'><b>SKIPPED TESTS</b></td></tr>
<tr><td><b>Test method</b></td>
<td width="30%"><b>Exception</b></td>
<td width="10%"><b>Time (seconds)</b></td>
<td><b>Instance</b></td>
</tr>
<tr>
<td title='testnglearning_youtubechannel.Hindi_Dependencies.Calculator()'><b>Calculator</b><br>Test class: testnglearning_youtubechannel.Hindi_Dependencies</td>
<td><div><pre>java.lang.Throwable: Method Hindi_Dependencies.Calculator()[pri:2, instance:testnglearning_youtubechannel.Hindi_Dependencies@612fc6eb] depends on not successfully finished methods
	at java.util.ArrayList.forEach(Unknown Source)
... Removed 18 stack frames</pre></div><a href='#' onClick='toggleBox("stack-trace1470911015", this, "Click to show all stack frames", "Click to hide stack frames")'>Click to show all stack frames</a>
<div class='stack-trace' id='stack-trace1470911015'><pre>java.lang.Throwable: Method Hindi_Dependencies.Calculator()[pri:2, instance:testnglearning_youtubechannel.Hindi_Dependencies@612fc6eb] depends on not successfully finished methods
	at org.testng.internal.TestInvoker.invokeTestMethods(TestInvoker.java:102)
	at org.testng.internal.TestMethodWorker.invokeTestMethods(TestMethodWorker.java:146)
	at org.testng.internal.TestMethodWorker.run(TestMethodWorker.java:128)
	at java.util.ArrayList.forEach(Unknown Source)
	at org.testng.TestRunner.privateRun(TestRunner.java:767)
	at org.testng.TestRunner.run(TestRunner.java:588)
	at org.testng.SuiteRunner.runTest(SuiteRunner.java:384)
	at org.testng.SuiteRunner.runSequentially(SuiteRunner.java:378)
	at org.testng.SuiteRunner.privateRun(SuiteRunner.java:337)
	at org.testng.SuiteRunner.run(SuiteRunner.java:286)
	at org.testng.SuiteRunnerWorker.runSuite(SuiteRunnerWorker.java:53)
	at org.testng.SuiteRunnerWorker.run(SuiteRunnerWorker.java:96)
	at org.testng.TestNG.runSuitesSequentially(TestNG.java:1214)
	at org.testng.TestNG.runSuitesLocally(TestNG.java:1136)
	at org.testng.TestNG.runSuites(TestNG.java:1066)
	at org.testng.TestNG.run(TestNG.java:1034)
	at org.testng.remote.AbstractRemoteTestNG.run(AbstractRemoteTestNG.java:115)
	at org.testng.remote.RemoteTestNG.initAndRun(RemoteTestNG.java:251)
	at org.testng.remote.RemoteTestNG.main(RemoteTestNG.java:77)
</pre></div></td>
<td>0</td>
<td>testnglearning_youtubechannel.Hindi_Dependencies@612fc6eb</td></tr>
<tr>
<td title='testnglearning_youtubechannel.Hindi_Dependencies.ReturntoHomePage()'><b>ReturntoHomePage</b><br>Test class: testnglearning_youtubechannel.Hindi_Dependencies</td>
<td><div><pre>java.lang.Throwable: Method Hindi_Dependencies.ReturntoHomePage()[pri:3, instance:testnglearning_youtubechannel.Hindi_Dependencies@612fc6eb] depends on not successfully finished methods
	at java.util.ArrayList.forEach(Unknown Source)
... Removed 18 stack frames</pre></div><a href='#' onClick='toggleBox("stack-trace244872973", this, "Click to show all stack frames", "Click to hide stack frames")'>Click to show all stack frames</a>
<div class='stack-trace' id='stack-trace244872973'><pre>java.lang.Throwable: Method Hindi_Dependencies.ReturntoHomePage()[pri:3, instance:testnglearning_youtubechannel.Hindi_Dependencies@612fc6eb] depends on not successfully finished methods
	at org.testng.internal.TestInvoker.invokeTestMethods(TestInvoker.java:102)
	at org.testng.internal.TestMethodWorker.invokeTestMethods(TestMethodWorker.java:146)
	at org.testng.internal.TestMethodWorker.run(TestMethodWorker.java:128)
	at java.util.ArrayList.forEach(Unknown Source)
	at org.testng.TestRunner.privateRun(TestRunner.java:767)
	at org.testng.TestRunner.run(TestRunner.java:588)
	at org.testng.SuiteRunner.runTest(SuiteRunner.java:384)
	at org.testng.SuiteRunner.runSequentially(SuiteRunner.java:378)
	at org.testng.SuiteRunner.privateRun(SuiteRunner.java:337)
	at org.testng.SuiteRunner.run(SuiteRunner.java:286)
	at org.testng.SuiteRunnerWorker.runSuite(SuiteRunnerWorker.java:53)
	at org.testng.SuiteRunnerWorker.run(SuiteRunnerWorker.java:96)
	at org.testng.TestNG.runSuitesSequentially(TestNG.java:1214)
	at org.testng.TestNG.runSuitesLocally(TestNG.java:1136)
	at org.testng.TestNG.runSuites(TestNG.java:1066)
	at org.testng.TestNG.run(TestNG.java:1034)
	at org.testng.remote.AbstractRemoteTestNG.run(AbstractRemoteTestNG.java:115)
	at org.testng.remote.RemoteTestNG.initAndRun(RemoteTestNG.java:251)
	at org.testng.remote.RemoteTestNG.main(RemoteTestNG.java:77)
</pre></div></td>
<td>0</td>
<td>testnglearning_youtubechannel.Hindi_Dependencies@612fc6eb</td></tr>
</table><p>
</body>
</html>