<?xml version="1.0" encoding="UTF-8"?>
<!-- Generated by org.testng.reporters.JUnitXMLReporter -->
<testsuite hostname="LAPTOP-13LQO7QE" ignored="0" name="SoftAssert Learning Test" tests="1" failures="1" timestamp="2020-06-17T10:02:42 IST" time="0.018" errors="0">
  <testcase name="Validation" time="0.013" classname="testnglearning_youtubechannel.Hindi_SoftAssert_Learning">
    <failure type="java.lang.AssertionError" message="The following asserts failed:
	b2 is a wrong statement expected [true] but found [false]">
      <![CDATA[java.lang.AssertionError: The following asserts failed:
b2 is a wrong statement expected [true] but found [false]
at testnglearning_youtubechannel.Hindi_SoftAssert_Learning.Validation(Hindi_SoftAssert_Learning.java:23)
at java.util.ArrayList.forEach(Unknown Source)
... Removed 29 stack frames]]>
    </failure>
  </testcase> <!-- Validation -->
</testsuite> <!-- SoftAssert Learning Test -->
